2022-02-08 16:15:26 INFO  Log:11 - =====================================loginTest TEST START=========================================
2022-02-08 16:15:26 INFO  Log:22 - user is going to click on SignIn
2022-02-08 16:15:29 INFO  Log:22 - Enter Username and Password
2022-02-08 16:15:32 INFO  Log:22 - Verifying if user is able to login
2022-02-08 16:15:32 INFO  Log:22 - Login is Success
2022-02-08 16:15:32 INFO  Log:15 - =====================================loginTest TEST END=========================================
2022-02-08 21:24:21 INFO  Log:11 - =====================================loginTest TEST START=========================================
2022-02-08 21:24:21 INFO  Log:22 - user is going to click on SignIn
2022-02-08 21:24:25 INFO  Log:22 - Enter Username and Password
2022-02-08 21:24:29 INFO  Log:22 - Verifying if user is able to login
2022-02-08 21:24:29 INFO  Log:22 - Login is Success
2022-02-08 21:24:29 INFO  Log:15 - =====================================loginTest TEST END=========================================
2022-02-08 21:25:17 INFO  Log:11 - =====================================loginTest TEST START=========================================
2022-02-08 21:25:17 INFO  Log:22 - user is going to click on SignIn
2022-02-08 21:25:21 INFO  Log:22 - Enter Username and Password
2022-02-08 21:25:24 INFO  Log:22 - Verifying if user is able to login
2022-02-08 21:25:24 INFO  Log:22 - Login is Success
2022-02-08 21:25:24 INFO  Log:15 - =====================================loginTest TEST END=========================================
2022-02-08 21:25:42 INFO  Log:11 - =====================================loginTest TEST START=========================================
2022-02-08 21:25:42 INFO  Log:22 - user is going to click on SignIn
2022-02-08 21:25:45 INFO  Log:22 - Enter Username and Password
2022-02-08 21:25:48 INFO  Log:22 - Verifying if user is able to login
2022-02-08 21:37:51 INFO  Log:11 - =====================================loginTest TEST START=========================================
2022-02-08 21:37:51 INFO  Log:22 - user is going to click on SignIn
2022-02-08 21:37:54 INFO  Log:22 - Enter Username and Password
2022-02-08 21:37:57 INFO  Log:22 - Verifying if user is able to login
2022-02-08 21:37:57 INFO  Log:22 - Login is Success
2022-02-08 21:37:57 INFO  Log:15 - =====================================loginTest TEST END=========================================
2022-02-08 21:38:09 INFO  Log:11 - =====================================loginTest TEST START=========================================
2022-02-08 21:38:09 INFO  Log:22 - user is going to click on SignIn
2022-02-08 21:38:12 INFO  Log:22 - Enter Username and Password
2022-02-08 21:38:14 INFO  Log:22 - Verifying if user is able to login
2022-02-08 22:04:36 INFO  Log:11 - =====================================loginTest TEST START=========================================
2022-02-08 22:04:36 INFO  Log:22 - user is going to click on SignIn
2022-02-08 22:04:39 INFO  Log:22 - Enter Username and Password
2022-02-08 22:04:42 INFO  Log:22 - Verifying if user is able to login
2022-02-08 22:04:42 INFO  Log:22 - Login is Success
2022-02-08 22:04:42 INFO  Log:15 - =====================================loginTest TEST END=========================================
2022-02-08 22:04:55 INFO  Log:11 - =====================================loginTest TEST START=========================================
2022-02-08 22:04:55 INFO  Log:22 - user is going to click on SignIn
2022-02-08 22:04:58 INFO  Log:22 - Enter Username and Password
2022-02-08 22:05:00 INFO  Log:22 - Verifying if user is able to login
2022-02-09 09:22:39 INFO  Log:11 - =====================================loginTest TEST START=========================================
2022-02-09 09:22:39 INFO  Log:22 - user is going to click on SignIn
2022-02-09 09:22:45 INFO  Log:22 - Enter Username and Password
2022-02-09 09:22:48 INFO  Log:22 - Verifying if user is able to login
2022-02-09 09:22:48 INFO  Log:22 - Login is Success
2022-02-09 09:22:48 INFO  Log:15 - =====================================loginTest TEST END=========================================
2022-02-09 09:22:55 INFO  Log:11 - =====================================loginTest TEST START=========================================
2022-02-09 09:22:55 INFO  Log:22 - user is going to click on SignIn
2022-02-09 09:22:58 INFO  Log:22 - Enter Username and Password
2022-02-09 09:22:59 INFO  Log:22 - Verifying if user is able to login
2022-02-09 09:23:52 DEBUG cache:45 - Couldn't find template in cache for "v3html/v3-html-index.ftl"("en", UTF-8, parsed); will try to load it.
2022-02-09 09:23:52 DEBUG cache:45 - TemplateLoader.findTemplateSource("v3html/v3-html-index_en.ftl"): Not found
2022-02-09 09:23:52 DEBUG cache:45 - TemplateLoader.findTemplateSource("v3html/v3-html-index.ftl"): Found
2022-02-09 09:23:52 DEBUG cache:45 - Loading template for "v3html/v3-html-index.ftl"("en", UTF-8, parsed) from "jar:file:/Users/thanhle/.m2/repository/com/aventstack/extentreports/4.0.9/extentreports-4.0.9.jar!/com/aventstack/extentreports/view/v3html/v3-html-index.ftl"
2022-02-09 09:23:52 DEBUG cache:45 - Couldn't find template in cache for "v3html/v3-html-head.ftl"("en", UTF-8, parsed); will try to load it.
2022-02-09 09:23:52 DEBUG cache:45 - TemplateLoader.findTemplateSource("v3html/v3-html-head_en.ftl"): Not found
2022-02-09 09:23:52 DEBUG cache:45 - TemplateLoader.findTemplateSource("v3html/v3-html-head.ftl"): Found
2022-02-09 09:23:52 DEBUG cache:45 - Loading template for "v3html/v3-html-head.ftl"("en", UTF-8, parsed) from "jar:file:/Users/thanhle/.m2/repository/com/aventstack/extentreports/4.0.9/extentreports-4.0.9.jar!/com/aventstack/extentreports/view/v3html/v3-html-head.ftl"
2022-02-09 09:23:52 DEBUG cache:45 - Couldn't find template in cache for "v3html/v3-html-nav.ftl"("en", UTF-8, parsed); will try to load it.
2022-02-09 09:23:52 DEBUG cache:45 - TemplateLoader.findTemplateSource("v3html/v3-html-nav_en.ftl"): Not found
2022-02-09 09:23:52 DEBUG cache:45 - TemplateLoader.findTemplateSource("v3html/v3-html-nav.ftl"): Found
2022-02-09 09:23:52 DEBUG cache:45 - Loading template for "v3html/v3-html-nav.ftl"("en", UTF-8, parsed) from "jar:file:/Users/thanhle/.m2/repository/com/aventstack/extentreports/4.0.9/extentreports-4.0.9.jar!/com/aventstack/extentreports/view/v3html/v3-html-nav.ftl"
2022-02-09 09:23:52 DEBUG cache:45 - Couldn't find template in cache for "v3html/test-view/v3-html-test-view.ftl"("en", UTF-8, parsed); will try to load it.
2022-02-09 09:23:52 DEBUG cache:45 - TemplateLoader.findTemplateSource("v3html/test-view/v3-html-test-view_en.ftl"): Not found
2022-02-09 09:23:52 DEBUG cache:45 - TemplateLoader.findTemplateSource("v3html/test-view/v3-html-test-view.ftl"): Found
2022-02-09 09:23:52 DEBUG cache:45 - Loading template for "v3html/test-view/v3-html-test-view.ftl"("en", UTF-8, parsed) from "jar:file:/Users/thanhle/.m2/repository/com/aventstack/extentreports/4.0.9/extentreports-4.0.9.jar!/com/aventstack/extentreports/view/v3html/test-view/v3-html-test-view.ftl"
2022-02-09 09:23:52 DEBUG cache:45 - Couldn't find template in cache for "v3html/test-view/v3-html-test-view-charts.ftl"("en", UTF-8, parsed); will try to load it.
2022-02-09 09:23:52 DEBUG cache:45 - TemplateLoader.findTemplateSource("v3html/test-view/v3-html-test-view-charts_en.ftl"): Not found
2022-02-09 09:23:52 DEBUG cache:45 - TemplateLoader.findTemplateSource("v3html/test-view/v3-html-test-view-charts.ftl"): Found
2022-02-09 09:23:52 DEBUG cache:45 - Loading template for "v3html/test-view/v3-html-test-view-charts.ftl"("en", UTF-8, parsed) from "jar:file:/Users/thanhle/.m2/repository/com/aventstack/extentreports/4.0.9/extentreports-4.0.9.jar!/com/aventstack/extentreports/view/v3html/test-view/v3-html-test-view-charts.ftl"
2022-02-09 09:23:52 DEBUG cache:45 - Couldn't find template in cache for "v3html/test-view/v3-html-standard.ftl"("en", UTF-8, parsed); will try to load it.
2022-02-09 09:23:52 DEBUG cache:45 - TemplateLoader.findTemplateSource("v3html/test-view/v3-html-standard_en.ftl"): Not found
2022-02-09 09:23:52 DEBUG cache:45 - TemplateLoader.findTemplateSource("v3html/test-view/v3-html-standard.ftl"): Found
2022-02-09 09:23:52 DEBUG cache:45 - Loading template for "v3html/test-view/v3-html-standard.ftl"("en", UTF-8, parsed) from "jar:file:/Users/thanhle/.m2/repository/com/aventstack/extentreports/4.0.9/extentreports-4.0.9.jar!/com/aventstack/extentreports/view/v3html/test-view/v3-html-standard.ftl"
2022-02-09 09:23:52 DEBUG cache:45 - "v3html/test-view/v3-html-standard.ftl"("en", UTF-8, parsed) cached copy not yet stale; using cached.
2022-02-09 09:23:52 DEBUG cache:45 - "v3html/test-view/v3-html-standard.ftl"("en", UTF-8, parsed) cached copy not yet stale; using cached.
2022-02-09 09:23:52 DEBUG cache:45 - "v3html/test-view/v3-html-standard.ftl"("en", UTF-8, parsed) cached copy not yet stale; using cached.
2022-02-09 09:23:52 DEBUG cache:45 - "v3html/test-view/v3-html-standard.ftl"("en", UTF-8, parsed) cached copy not yet stale; using cached.
2022-02-09 09:23:52 DEBUG cache:45 - "v3html/test-view/v3-html-standard.ftl"("en", UTF-8, parsed) cached copy not yet stale; using cached.
2022-02-09 09:23:52 DEBUG cache:45 - "v3html/test-view/v3-html-standard.ftl"("en", UTF-8, parsed) cached copy not yet stale; using cached.
2022-02-09 09:23:52 DEBUG cache:45 - "v3html/test-view/v3-html-standard.ftl"("en", UTF-8, parsed) cached copy not yet stale; using cached.
2022-02-09 09:23:52 DEBUG cache:45 - "v3html/test-view/v3-html-standard.ftl"("en", UTF-8, parsed) cached copy not yet stale; using cached.
2022-02-09 09:23:52 DEBUG cache:45 - "v3html/test-view/v3-html-standard.ftl"("en", UTF-8, parsed) cached copy not yet stale; using cached.
2022-02-09 09:23:52 DEBUG cache:45 - "v3html/test-view/v3-html-standard.ftl"("en", UTF-8, parsed) cached copy not yet stale; using cached.
2022-02-09 09:23:52 DEBUG cache:45 - Couldn't find template in cache for "v3html/category-view/v3-html-category-view.ftl"("en", UTF-8, parsed); will try to load it.
2022-02-09 09:23:52 DEBUG cache:45 - TemplateLoader.findTemplateSource("v3html/category-view/v3-html-category-view_en.ftl"): Not found
2022-02-09 09:23:52 DEBUG cache:45 - TemplateLoader.findTemplateSource("v3html/category-view/v3-html-category-view.ftl"): Found
2022-02-09 09:23:52 DEBUG cache:45 - Loading template for "v3html/category-view/v3-html-category-view.ftl"("en", UTF-8, parsed) from "jar:file:/Users/thanhle/.m2/repository/com/aventstack/extentreports/4.0.9/extentreports-4.0.9.jar!/com/aventstack/extentreports/view/v3html/category-view/v3-html-category-view.ftl"
2022-02-09 09:23:52 DEBUG cache:45 - Couldn't find template in cache for "v3html/exception-view/v3-html-exception-view.ftl"("en", UTF-8, parsed); will try to load it.
2022-02-09 09:23:52 DEBUG cache:45 - TemplateLoader.findTemplateSource("v3html/exception-view/v3-html-exception-view_en.ftl"): Not found
2022-02-09 09:23:52 DEBUG cache:45 - TemplateLoader.findTemplateSource("v3html/exception-view/v3-html-exception-view.ftl"): Found
2022-02-09 09:23:52 DEBUG cache:45 - Loading template for "v3html/exception-view/v3-html-exception-view.ftl"("en", UTF-8, parsed) from "jar:file:/Users/thanhle/.m2/repository/com/aventstack/extentreports/4.0.9/extentreports-4.0.9.jar!/com/aventstack/extentreports/view/v3html/exception-view/v3-html-exception-view.ftl"
2022-02-09 09:23:52 DEBUG cache:45 - Couldn't find template in cache for "v3html/author-view/v3-html-author-view.ftl"("en", UTF-8, parsed); will try to load it.
2022-02-09 09:23:52 DEBUG cache:45 - TemplateLoader.findTemplateSource("v3html/author-view/v3-html-author-view_en.ftl"): Not found
2022-02-09 09:23:52 DEBUG cache:45 - TemplateLoader.findTemplateSource("v3html/author-view/v3-html-author-view.ftl"): Found
2022-02-09 09:23:52 DEBUG cache:45 - Loading template for "v3html/author-view/v3-html-author-view.ftl"("en", UTF-8, parsed) from "jar:file:/Users/thanhle/.m2/repository/com/aventstack/extentreports/4.0.9/extentreports-4.0.9.jar!/com/aventstack/extentreports/view/v3html/author-view/v3-html-author-view.ftl"
2022-02-09 09:23:52 DEBUG cache:45 - Couldn't find template in cache for "v3html/dashboard-view/v3-html-dashboard-view.ftl"("en", UTF-8, parsed); will try to load it.
2022-02-09 09:23:52 DEBUG cache:45 - TemplateLoader.findTemplateSource("v3html/dashboard-view/v3-html-dashboard-view_en.ftl"): Not found
2022-02-09 09:23:52 DEBUG cache:45 - TemplateLoader.findTemplateSource("v3html/dashboard-view/v3-html-dashboard-view.ftl"): Found
2022-02-09 09:23:52 DEBUG cache:45 - Loading template for "v3html/dashboard-view/v3-html-dashboard-view.ftl"("en", UTF-8, parsed) from "jar:file:/Users/thanhle/.m2/repository/com/aventstack/extentreports/4.0.9/extentreports-4.0.9.jar!/com/aventstack/extentreports/view/v3html/dashboard-view/v3-html-dashboard-view.ftl"
2022-02-09 09:23:52 DEBUG cache:45 - Couldn't find template in cache for "v3html/logs-view/v3-html-testrunner-logs-view.ftl"("en", UTF-8, parsed); will try to load it.
2022-02-09 09:23:52 DEBUG cache:45 - TemplateLoader.findTemplateSource("v3html/logs-view/v3-html-testrunner-logs-view_en.ftl"): Not found
2022-02-09 09:23:52 DEBUG cache:45 - TemplateLoader.findTemplateSource("v3html/logs-view/v3-html-testrunner-logs-view.ftl"): Found
2022-02-09 09:23:52 DEBUG cache:45 - Loading template for "v3html/logs-view/v3-html-testrunner-logs-view.ftl"("en", UTF-8, parsed) from "jar:file:/Users/thanhle/.m2/repository/com/aventstack/extentreports/4.0.9/extentreports-4.0.9.jar!/com/aventstack/extentreports/view/v3html/logs-view/v3-html-testrunner-logs-view.ftl"
